<?xml version="1.0" encoding="UTF-8"?>
<!-- Generated by org.testng.reporters.JUnitXMLReporter -->
<testsuite ignored="0" hostname="abzal" failures="0" tests="7" name="Test" time="27.075" errors="0" timestamp="2023-07-27T17:38:33 IST">
  <testcase classname="tests.AdminLoginTest" name="AdminLogin" time="1.931"/>
  <testcase classname="tests.AddEmployee" name="ADDEmployee" time="2.418"/>
  <testcase classname="tests.AddEmployee" name="EditEmployee" time="1.762"/>
  <testcase classname="tests.AddEmployee" name="New_Employee_Login" time="0.859"/>
  <testcase classname="tests.SearchEmployee" name="serach_withID" time="1.128"/>
  <testcase classname="tests.RecruitmentADD" name="ADDvacancy" time="1.958"/>
  <testcase classname="tests.RecruitmentADD" name="delete_CurrentCreatedjob" time="0.478"/>
</testsuite> <!-- Test -->
